<?xml version="1.0" encoding="UTF-8"?>
<!-- Generated by org.testng.reporters.JUnitXMLReporter -->
<testsuite ignored="0" hostname="DESKTOP-D45HI40" failures="1" tests="1" name="calender" time="76.408" errors="0" timestamp="12 Oct 2022 02:48:02 GMT">
  <testcase classname="Base.Base" name="@BeforeTest initializeBrowser" time="76.168">
    <failure type="java.lang.IllegalArgumentException" message="Unexpected browser name: chrome">
      <![CDATA[java.lang.IllegalArgumentException: Unexpected browser name: chrome
at Base.Base.initializeBrowser(Base.java:34)
... Removed 24 stack frames]]>
    </failure>
  </testcase> <!-- @BeforeTest initializeBrowser -->
  <testcase classname="Base.Base" name="@AfterTest quuit" time="0.0">
    <skipped/>
  </testcase> <!-- @AfterTest quuit -->
  <testcase classname="seleniumproject.HandleCalender" name="handleCalender" time="0.0">
    <failure type="org.testng.TestNGException" message="
Cannot inject @Test annotated Method [handleCalender] with [class java.lang.String].
For more information on native dependency injection please refer to http://testng.org/doc/documentation-main.html#native-dependency-injection">
      <![CDATA[org.testng.TestNGException: 
Cannot inject @Test annotated Method [handleCalender] with [class java.lang.String].
For more information on native dependency injection please refer to http://testng.org/doc/documentation-main.html#native-dependency-injection
... Removed 24 stack frames]]>
    </failure>
  </testcase> <!-- handleCalender -->
</testsuite> <!-- calender -->
